2016-01-11 17:38:40,060 [INFO] from play.core.server.NettyServer in pool-4-thread-3 - Listening for HTTP on /0:0:0:0:0:0:0:0:9000
2016-01-11 17:41:34,087 [INFO] from application in ForkJoinPool-1-worker-1 - Creating Pool for datasource 'default'
2016-01-11 17:41:34,925 [INFO] from play.api.db.DefaultDBApi in ForkJoinPool-1-worker-1 - Database [default] connected at jdbc:postgresql://localhost/group
2016-01-11 17:41:35,288 [INFO] from play.api.Play in ForkJoinPool-1-worker-1 - Application started (Dev)
2016-01-11 17:44:48,359 [ERROR] from application in ForkJoinPool-3-worker-5 - Configuration variable[authorization.api.host] is required
2016-01-11 17:44:48,386 [ERROR] from application in ForkJoinPool-3-worker-5 - 

! @6om2e8cij - Internal server error, for (GET) [/groups] ->
 
play.api.http.HttpErrorHandlerExceptions$$anon$1: Execution exception[[RuntimeException: Configuration variable[authorization.api.host] is required]]
	at play.api.http.HttpErrorHandlerExceptions$.throwableToUsefulException(HttpErrorHandler.scala:265) ~[play_2.11-2.4.3.jar:2.4.3]
	at play.api.http.DefaultHttpErrorHandler.onServerError(HttpErrorHandler.scala:191) ~[play_2.11-2.4.3.jar:2.4.3]
	at play.api.GlobalSettings$class.onError(GlobalSettings.scala:179) [play_2.11-2.4.3.jar:2.4.3]
	at play.api.DefaultGlobal$.onError(GlobalSettings.scala:212) [play_2.11-2.4.3.jar:2.4.3]
	at play.api.http.GlobalSettingsHttpErrorHandler.onServerError(HttpErrorHandler.scala:94) [play_2.11-2.4.3.jar:2.4.3]
	at play.core.server.netty.PlayDefaultUpstreamHandler$$anonfun$9$$anonfun$apply$1.applyOrElse(PlayDefaultUpstreamHandler.scala:158) [play-netty-server_2.11-2.4.3.jar:2.4.3]
	at play.core.server.netty.PlayDefaultUpstreamHandler$$anonfun$9$$anonfun$apply$1.applyOrElse(PlayDefaultUpstreamHandler.scala:155) [play-netty-server_2.11-2.4.3.jar:2.4.3]
	at scala.runtime.AbstractPartialFunction.apply(AbstractPartialFunction.scala:36) [scala-library-2.11.7.jar:na]
	at scala.util.Failure$$anonfun$recover$1.apply(Try.scala:216) [scala-library-2.11.7.jar:na]
	at scala.util.Try$.apply(Try.scala:192) [scala-library-2.11.7.jar:na]
	at scala.util.Failure.recover(Try.scala:216) [scala-library-2.11.7.jar:na]
	at scala.concurrent.Future$$anonfun$recover$1.apply(Future.scala:324) [scala-library-2.11.7.jar:na]
	at scala.concurrent.Future$$anonfun$recover$1.apply(Future.scala:324) [scala-library-2.11.7.jar:na]
	at scala.concurrent.impl.CallbackRunnable.run(Promise.scala:32) [scala-library-2.11.7.jar:na]
	at play.api.libs.iteratee.Execution$trampoline$.executeScheduled(Execution.scala:109) [play-iteratees_2.11-2.4.3.jar:2.4.3]
	at play.api.libs.iteratee.Execution$trampoline$.execute(Execution.scala:71) [play-iteratees_2.11-2.4.3.jar:2.4.3]
	at scala.concurrent.impl.CallbackRunnable.executeWithValue(Promise.scala:40) [scala-library-2.11.7.jar:na]
	at scala.concurrent.impl.Promise$DefaultPromise.tryComplete(Promise.scala:248) [scala-library-2.11.7.jar:na]
	at scala.concurrent.Promise$class.complete(Promise.scala:55) [scala-library-2.11.7.jar:na]
	at scala.concurrent.impl.Promise$DefaultPromise.complete(Promise.scala:153) [scala-library-2.11.7.jar:na]
	at scala.concurrent.Promise$class.failure(Promise.scala:104) [scala-library-2.11.7.jar:na]
	at scala.concurrent.impl.Promise$DefaultPromise.failure(Promise.scala:153) [scala-library-2.11.7.jar:na]
	at scala.concurrent.Future$$anonfun$flatMap$1.apply(Future.scala:255) [scala-library-2.11.7.jar:na]
	at scala.concurrent.Future$$anonfun$flatMap$1.apply(Future.scala:249) [scala-library-2.11.7.jar:na]
	at scala.concurrent.impl.CallbackRunnable.run(Promise.scala:32) [scala-library-2.11.7.jar:na]
	at scala.concurrent.impl.ExecutionContextImpl$AdaptedForkJoinTask.exec(ExecutionContextImpl.scala:121) [scala-library-2.11.7.jar:na]
	at scala.concurrent.forkjoin.ForkJoinTask.doExec(ForkJoinTask.java:260) [scala-library-2.11.7.jar:na]
	at scala.concurrent.forkjoin.ForkJoinPool$WorkQueue.runTask(ForkJoinPool.java:1339) [scala-library-2.11.7.jar:na]
	at scala.concurrent.forkjoin.ForkJoinPool.runWorker(ForkJoinPool.java:1979) [scala-library-2.11.7.jar:na]
	at scala.concurrent.forkjoin.ForkJoinWorkerThread.run(ForkJoinWorkerThread.java:107) [scala-library-2.11.7.jar:na]
Caused by: java.lang.RuntimeException: Configuration variable[authorization.api.host] is required
	at scala.sys.package$.error(package.scala:27) ~[scala-library-2.11.7.jar:na]
	at io.flow.play.util.Config$$anonfun$requiredString$1.apply(Config.scala:16) ~[lib-play_2.11-0.0.16.jar:0.0.16]
	at io.flow.play.util.Config$$anonfun$requiredString$1.apply(Config.scala:13) ~[lib-play_2.11-0.0.16.jar:0.0.16]
	at scala.Option.getOrElse(Option.scala:121) ~[scala-library-2.11.7.jar:na]
	at io.flow.play.util.Config$class.requiredString(Config.scala:13) ~[lib-play_2.11-0.0.16.jar:0.0.16]
	at io.flow.play.util.DefaultConfig$.requiredString(Config.scala:38) ~[lib-play_2.11-0.0.16.jar:0.0.16]
	at io.flow.play.clients.DefaultAuthorizationClient.host(AuthorizationClient.scala:34) ~[lib-play_2.11-0.0.16.jar:0.0.16]
	at io.flow.play.clients.DefaultAuthorizationClient.client$lzycompute(AuthorizationClient.scala:38) ~[lib-play_2.11-0.0.16.jar:0.0.16]
	at io.flow.play.clients.DefaultAuthorizationClient.client(AuthorizationClient.scala:37) ~[lib-play_2.11-0.0.16.jar:0.0.16]
	at io.flow.play.clients.DefaultAuthorizationClient.checkAuthorization(AuthorizationClient.scala:88) ~[lib-play_2.11-0.0.16.jar:0.0.16]
	at io.flow.play.clients.DefaultAuthorizationClient.authorize(AuthorizationClient.scala:68) ~[lib-play_2.11-0.0.16.jar:0.0.16]
	at io.flow.play.controllers.AuthorizedRestController$Authenticated$$anonfun$invokeBlock$1.apply(AuthorizedRestController.scala:44) ~[lib-play_2.11-0.0.16.jar:0.0.16]
	at io.flow.play.controllers.AuthorizedRestController$Authenticated$$anonfun$invokeBlock$1.apply(AuthorizedRestController.scala:38) ~[lib-play_2.11-0.0.16.jar:0.0.16]
	at scala.concurrent.Future$$anonfun$flatMap$1.apply(Future.scala:251) [scala-library-2.11.7.jar:na]
	... 7 common frames omitted
2016-01-11 17:44:51,818 [ERROR] from application in ForkJoinPool-3-worker-3 - Configuration variable[authorization.api.host] is required
2016-01-11 17:44:51,820 [ERROR] from application in ForkJoinPool-3-worker-3 - 

! @6om2e8hl6 - Internal server error, for (GET) [/groups] ->
 
play.api.http.HttpErrorHandlerExceptions$$anon$1: Execution exception[[RuntimeException: Configuration variable[authorization.api.host] is required]]
	at play.api.http.HttpErrorHandlerExceptions$.throwableToUsefulException(HttpErrorHandler.scala:265) ~[play_2.11-2.4.3.jar:2.4.3]
	at play.api.http.DefaultHttpErrorHandler.onServerError(HttpErrorHandler.scala:191) ~[play_2.11-2.4.3.jar:2.4.3]
	at play.api.GlobalSettings$class.onError(GlobalSettings.scala:179) [play_2.11-2.4.3.jar:2.4.3]
	at play.api.DefaultGlobal$.onError(GlobalSettings.scala:212) [play_2.11-2.4.3.jar:2.4.3]
	at play.api.http.GlobalSettingsHttpErrorHandler.onServerError(HttpErrorHandler.scala:94) [play_2.11-2.4.3.jar:2.4.3]
	at play.core.server.netty.PlayDefaultUpstreamHandler$$anonfun$9$$anonfun$apply$1.applyOrElse(PlayDefaultUpstreamHandler.scala:158) [play-netty-server_2.11-2.4.3.jar:2.4.3]
	at play.core.server.netty.PlayDefaultUpstreamHandler$$anonfun$9$$anonfun$apply$1.applyOrElse(PlayDefaultUpstreamHandler.scala:155) [play-netty-server_2.11-2.4.3.jar:2.4.3]
	at scala.runtime.AbstractPartialFunction.apply(AbstractPartialFunction.scala:36) [scala-library-2.11.7.jar:na]
	at scala.util.Failure$$anonfun$recover$1.apply(Try.scala:216) [scala-library-2.11.7.jar:na]
	at scala.util.Try$.apply(Try.scala:192) [scala-library-2.11.7.jar:na]
	at scala.util.Failure.recover(Try.scala:216) [scala-library-2.11.7.jar:na]
	at scala.concurrent.Future$$anonfun$recover$1.apply(Future.scala:324) [scala-library-2.11.7.jar:na]
	at scala.concurrent.Future$$anonfun$recover$1.apply(Future.scala:324) [scala-library-2.11.7.jar:na]
	at scala.concurrent.impl.CallbackRunnable.run(Promise.scala:32) [scala-library-2.11.7.jar:na]
	at play.api.libs.iteratee.Execution$trampoline$.executeScheduled(Execution.scala:109) [play-iteratees_2.11-2.4.3.jar:2.4.3]
	at play.api.libs.iteratee.Execution$trampoline$.execute(Execution.scala:71) [play-iteratees_2.11-2.4.3.jar:2.4.3]
	at scala.concurrent.impl.CallbackRunnable.executeWithValue(Promise.scala:40) [scala-library-2.11.7.jar:na]
	at scala.concurrent.impl.Promise$DefaultPromise.tryComplete(Promise.scala:248) [scala-library-2.11.7.jar:na]
	at scala.concurrent.Promise$class.complete(Promise.scala:55) [scala-library-2.11.7.jar:na]
	at scala.concurrent.impl.Promise$DefaultPromise.complete(Promise.scala:153) [scala-library-2.11.7.jar:na]
	at scala.concurrent.Promise$class.failure(Promise.scala:104) [scala-library-2.11.7.jar:na]
	at scala.concurrent.impl.Promise$DefaultPromise.failure(Promise.scala:153) [scala-library-2.11.7.jar:na]
	at scala.concurrent.Future$$anonfun$flatMap$1.apply(Future.scala:255) [scala-library-2.11.7.jar:na]
	at scala.concurrent.Future$$anonfun$flatMap$1.apply(Future.scala:249) [scala-library-2.11.7.jar:na]
	at scala.concurrent.impl.CallbackRunnable.run(Promise.scala:32) [scala-library-2.11.7.jar:na]
	at scala.concurrent.impl.ExecutionContextImpl$AdaptedForkJoinTask.exec(ExecutionContextImpl.scala:121) [scala-library-2.11.7.jar:na]
	at scala.concurrent.forkjoin.ForkJoinTask.doExec(ForkJoinTask.java:260) [scala-library-2.11.7.jar:na]
	at scala.concurrent.forkjoin.ForkJoinPool$WorkQueue.runTask(ForkJoinPool.java:1339) [scala-library-2.11.7.jar:na]
	at scala.concurrent.forkjoin.ForkJoinPool.runWorker(ForkJoinPool.java:1979) [scala-library-2.11.7.jar:na]
	at scala.concurrent.forkjoin.ForkJoinWorkerThread.run(ForkJoinWorkerThread.java:107) [scala-library-2.11.7.jar:na]
Caused by: java.lang.RuntimeException: Configuration variable[authorization.api.host] is required
	at scala.sys.package$.error(package.scala:27) ~[scala-library-2.11.7.jar:na]
	at io.flow.play.util.Config$$anonfun$requiredString$1.apply(Config.scala:16) ~[lib-play_2.11-0.0.16.jar:0.0.16]
	at io.flow.play.util.Config$$anonfun$requiredString$1.apply(Config.scala:13) ~[lib-play_2.11-0.0.16.jar:0.0.16]
	at scala.Option.getOrElse(Option.scala:121) ~[scala-library-2.11.7.jar:na]
	at io.flow.play.util.Config$class.requiredString(Config.scala:13) ~[lib-play_2.11-0.0.16.jar:0.0.16]
	at io.flow.play.util.DefaultConfig$.requiredString(Config.scala:38) ~[lib-play_2.11-0.0.16.jar:0.0.16]
	at io.flow.play.clients.DefaultAuthorizationClient.host(AuthorizationClient.scala:34) ~[lib-play_2.11-0.0.16.jar:0.0.16]
	at io.flow.play.clients.DefaultAuthorizationClient.client$lzycompute(AuthorizationClient.scala:38) ~[lib-play_2.11-0.0.16.jar:0.0.16]
	at io.flow.play.clients.DefaultAuthorizationClient.client(AuthorizationClient.scala:37) ~[lib-play_2.11-0.0.16.jar:0.0.16]
	at io.flow.play.clients.DefaultAuthorizationClient.checkAuthorization(AuthorizationClient.scala:88) ~[lib-play_2.11-0.0.16.jar:0.0.16]
	at io.flow.play.clients.DefaultAuthorizationClient.authorize(AuthorizationClient.scala:68) ~[lib-play_2.11-0.0.16.jar:0.0.16]
	at io.flow.play.controllers.AuthorizedRestController$Authenticated$$anonfun$invokeBlock$1.apply(AuthorizedRestController.scala:44) ~[lib-play_2.11-0.0.16.jar:0.0.16]
	at io.flow.play.controllers.AuthorizedRestController$Authenticated$$anonfun$invokeBlock$1.apply(AuthorizedRestController.scala:38) ~[lib-play_2.11-0.0.16.jar:0.0.16]
	at scala.concurrent.Future$$anonfun$flatMap$1.apply(Future.scala:251) [scala-library-2.11.7.jar:na]
	... 7 common frames omitted
2016-01-11 17:44:52,447 [ERROR] from application in ForkJoinPool-3-worker-7 - Configuration variable[authorization.api.host] is required
2016-01-11 17:44:52,449 [ERROR] from application in ForkJoinPool-3-worker-7 - 

! @6om2e8ijc - Internal server error, for (GET) [/groups] ->
 
play.api.http.HttpErrorHandlerExceptions$$anon$1: Execution exception[[RuntimeException: Configuration variable[authorization.api.host] is required]]
	at play.api.http.HttpErrorHandlerExceptions$.throwableToUsefulException(HttpErrorHandler.scala:265) ~[play_2.11-2.4.3.jar:2.4.3]
	at play.api.http.DefaultHttpErrorHandler.onServerError(HttpErrorHandler.scala:191) ~[play_2.11-2.4.3.jar:2.4.3]
	at play.api.GlobalSettings$class.onError(GlobalSettings.scala:179) [play_2.11-2.4.3.jar:2.4.3]
	at play.api.DefaultGlobal$.onError(GlobalSettings.scala:212) [play_2.11-2.4.3.jar:2.4.3]
	at play.api.http.GlobalSettingsHttpErrorHandler.onServerError(HttpErrorHandler.scala:94) [play_2.11-2.4.3.jar:2.4.3]
	at play.core.server.netty.PlayDefaultUpstreamHandler$$anonfun$9$$anonfun$apply$1.applyOrElse(PlayDefaultUpstreamHandler.scala:158) [play-netty-server_2.11-2.4.3.jar:2.4.3]
	at play.core.server.netty.PlayDefaultUpstreamHandler$$anonfun$9$$anonfun$apply$1.applyOrElse(PlayDefaultUpstreamHandler.scala:155) [play-netty-server_2.11-2.4.3.jar:2.4.3]
	at scala.runtime.AbstractPartialFunction.apply(AbstractPartialFunction.scala:36) [scala-library-2.11.7.jar:na]
	at scala.util.Failure$$anonfun$recover$1.apply(Try.scala:216) [scala-library-2.11.7.jar:na]
	at scala.util.Try$.apply(Try.scala:192) [scala-library-2.11.7.jar:na]
	at scala.util.Failure.recover(Try.scala:216) [scala-library-2.11.7.jar:na]
	at scala.concurrent.Future$$anonfun$recover$1.apply(Future.scala:324) [scala-library-2.11.7.jar:na]
	at scala.concurrent.Future$$anonfun$recover$1.apply(Future.scala:324) [scala-library-2.11.7.jar:na]
	at scala.concurrent.impl.CallbackRunnable.run(Promise.scala:32) [scala-library-2.11.7.jar:na]
	at play.api.libs.iteratee.Execution$trampoline$.executeScheduled(Execution.scala:109) [play-iteratees_2.11-2.4.3.jar:2.4.3]
	at play.api.libs.iteratee.Execution$trampoline$.execute(Execution.scala:71) [play-iteratees_2.11-2.4.3.jar:2.4.3]
	at scala.concurrent.impl.CallbackRunnable.executeWithValue(Promise.scala:40) [scala-library-2.11.7.jar:na]
	at scala.concurrent.impl.Promise$DefaultPromise.tryComplete(Promise.scala:248) [scala-library-2.11.7.jar:na]
	at scala.concurrent.Promise$class.complete(Promise.scala:55) [scala-library-2.11.7.jar:na]
	at scala.concurrent.impl.Promise$DefaultPromise.complete(Promise.scala:153) [scala-library-2.11.7.jar:na]
	at scala.concurrent.Promise$class.failure(Promise.scala:104) [scala-library-2.11.7.jar:na]
	at scala.concurrent.impl.Promise$DefaultPromise.failure(Promise.scala:153) [scala-library-2.11.7.jar:na]
	at scala.concurrent.Future$$anonfun$flatMap$1.apply(Future.scala:255) [scala-library-2.11.7.jar:na]
	at scala.concurrent.Future$$anonfun$flatMap$1.apply(Future.scala:249) [scala-library-2.11.7.jar:na]
	at scala.concurrent.impl.CallbackRunnable.run(Promise.scala:32) [scala-library-2.11.7.jar:na]
	at scala.concurrent.impl.ExecutionContextImpl$AdaptedForkJoinTask.exec(ExecutionContextImpl.scala:121) [scala-library-2.11.7.jar:na]
	at scala.concurrent.forkjoin.ForkJoinTask.doExec(ForkJoinTask.java:260) [scala-library-2.11.7.jar:na]
	at scala.concurrent.forkjoin.ForkJoinPool$WorkQueue.runTask(ForkJoinPool.java:1339) [scala-library-2.11.7.jar:na]
	at scala.concurrent.forkjoin.ForkJoinPool.runWorker(ForkJoinPool.java:1979) [scala-library-2.11.7.jar:na]
	at scala.concurrent.forkjoin.ForkJoinWorkerThread.run(ForkJoinWorkerThread.java:107) [scala-library-2.11.7.jar:na]
Caused by: java.lang.RuntimeException: Configuration variable[authorization.api.host] is required
	at scala.sys.package$.error(package.scala:27) ~[scala-library-2.11.7.jar:na]
	at io.flow.play.util.Config$$anonfun$requiredString$1.apply(Config.scala:16) ~[lib-play_2.11-0.0.16.jar:0.0.16]
	at io.flow.play.util.Config$$anonfun$requiredString$1.apply(Config.scala:13) ~[lib-play_2.11-0.0.16.jar:0.0.16]
	at scala.Option.getOrElse(Option.scala:121) ~[scala-library-2.11.7.jar:na]
	at io.flow.play.util.Config$class.requiredString(Config.scala:13) ~[lib-play_2.11-0.0.16.jar:0.0.16]
	at io.flow.play.util.DefaultConfig$.requiredString(Config.scala:38) ~[lib-play_2.11-0.0.16.jar:0.0.16]
	at io.flow.play.clients.DefaultAuthorizationClient.host(AuthorizationClient.scala:34) ~[lib-play_2.11-0.0.16.jar:0.0.16]
	at io.flow.play.clients.DefaultAuthorizationClient.client$lzycompute(AuthorizationClient.scala:38) ~[lib-play_2.11-0.0.16.jar:0.0.16]
	at io.flow.play.clients.DefaultAuthorizationClient.client(AuthorizationClient.scala:37) ~[lib-play_2.11-0.0.16.jar:0.0.16]
	at io.flow.play.clients.DefaultAuthorizationClient.checkAuthorization(AuthorizationClient.scala:88) ~[lib-play_2.11-0.0.16.jar:0.0.16]
	at io.flow.play.clients.DefaultAuthorizationClient.authorize(AuthorizationClient.scala:68) ~[lib-play_2.11-0.0.16.jar:0.0.16]
	at io.flow.play.controllers.AuthorizedRestController$Authenticated$$anonfun$invokeBlock$1.apply(AuthorizedRestController.scala:44) ~[lib-play_2.11-0.0.16.jar:0.0.16]
	at io.flow.play.controllers.AuthorizedRestController$Authenticated$$anonfun$invokeBlock$1.apply(AuthorizedRestController.scala:38) ~[lib-play_2.11-0.0.16.jar:0.0.16]
	at scala.concurrent.Future$$anonfun$flatMap$1.apply(Future.scala:251) [scala-library-2.11.7.jar:na]
	... 7 common frames omitted
2016-01-11 17:44:53,295 [ERROR] from application in ForkJoinPool-3-worker-7 - Configuration variable[authorization.api.host] is required
2016-01-11 17:44:53,297 [ERROR] from application in ForkJoinPool-3-worker-7 - 

! @6om2e8k01 - Internal server error, for (GET) [/groups] ->
 
play.api.http.HttpErrorHandlerExceptions$$anon$1: Execution exception[[RuntimeException: Configuration variable[authorization.api.host] is required]]
	at play.api.http.HttpErrorHandlerExceptions$.throwableToUsefulException(HttpErrorHandler.scala:265) ~[play_2.11-2.4.3.jar:2.4.3]
	at play.api.http.DefaultHttpErrorHandler.onServerError(HttpErrorHandler.scala:191) ~[play_2.11-2.4.3.jar:2.4.3]
	at play.api.GlobalSettings$class.onError(GlobalSettings.scala:179) [play_2.11-2.4.3.jar:2.4.3]
	at play.api.DefaultGlobal$.onError(GlobalSettings.scala:212) [play_2.11-2.4.3.jar:2.4.3]
	at play.api.http.GlobalSettingsHttpErrorHandler.onServerError(HttpErrorHandler.scala:94) [play_2.11-2.4.3.jar:2.4.3]
	at play.core.server.netty.PlayDefaultUpstreamHandler$$anonfun$9$$anonfun$apply$1.applyOrElse(PlayDefaultUpstreamHandler.scala:158) [play-netty-server_2.11-2.4.3.jar:2.4.3]
	at play.core.server.netty.PlayDefaultUpstreamHandler$$anonfun$9$$anonfun$apply$1.applyOrElse(PlayDefaultUpstreamHandler.scala:155) [play-netty-server_2.11-2.4.3.jar:2.4.3]
	at scala.runtime.AbstractPartialFunction.apply(AbstractPartialFunction.scala:36) [scala-library-2.11.7.jar:na]
	at scala.util.Failure$$anonfun$recover$1.apply(Try.scala:216) [scala-library-2.11.7.jar:na]
	at scala.util.Try$.apply(Try.scala:192) [scala-library-2.11.7.jar:na]
	at scala.util.Failure.recover(Try.scala:216) [scala-library-2.11.7.jar:na]
	at scala.concurrent.Future$$anonfun$recover$1.apply(Future.scala:324) [scala-library-2.11.7.jar:na]
	at scala.concurrent.Future$$anonfun$recover$1.apply(Future.scala:324) [scala-library-2.11.7.jar:na]
	at scala.concurrent.impl.CallbackRunnable.run(Promise.scala:32) [scala-library-2.11.7.jar:na]
	at play.api.libs.iteratee.Execution$trampoline$.executeScheduled(Execution.scala:109) [play-iteratees_2.11-2.4.3.jar:2.4.3]
	at play.api.libs.iteratee.Execution$trampoline$.execute(Execution.scala:71) [play-iteratees_2.11-2.4.3.jar:2.4.3]
	at scala.concurrent.impl.CallbackRunnable.executeWithValue(Promise.scala:40) [scala-library-2.11.7.jar:na]
	at scala.concurrent.impl.Promise$DefaultPromise.tryComplete(Promise.scala:248) [scala-library-2.11.7.jar:na]
	at scala.concurrent.Promise$class.complete(Promise.scala:55) [scala-library-2.11.7.jar:na]
	at scala.concurrent.impl.Promise$DefaultPromise.complete(Promise.scala:153) [scala-library-2.11.7.jar:na]
	at scala.concurrent.Promise$class.failure(Promise.scala:104) [scala-library-2.11.7.jar:na]
	at scala.concurrent.impl.Promise$DefaultPromise.failure(Promise.scala:153) [scala-library-2.11.7.jar:na]
	at scala.concurrent.Future$$anonfun$flatMap$1.apply(Future.scala:255) [scala-library-2.11.7.jar:na]
	at scala.concurrent.Future$$anonfun$flatMap$1.apply(Future.scala:249) [scala-library-2.11.7.jar:na]
	at scala.concurrent.impl.CallbackRunnable.run(Promise.scala:32) [scala-library-2.11.7.jar:na]
	at scala.concurrent.impl.ExecutionContextImpl$AdaptedForkJoinTask.exec(ExecutionContextImpl.scala:121) [scala-library-2.11.7.jar:na]
	at scala.concurrent.forkjoin.ForkJoinTask.doExec(ForkJoinTask.java:260) [scala-library-2.11.7.jar:na]
	at scala.concurrent.forkjoin.ForkJoinPool$WorkQueue.pollAndExecAll(ForkJoinPool.java:1253) [scala-library-2.11.7.jar:na]
	at scala.concurrent.forkjoin.ForkJoinPool$WorkQueue.runTask(ForkJoinPool.java:1346) [scala-library-2.11.7.jar:na]
	at scala.concurrent.forkjoin.ForkJoinPool.runWorker(ForkJoinPool.java:1979) [scala-library-2.11.7.jar:na]
	at scala.concurrent.forkjoin.ForkJoinWorkerThread.run(ForkJoinWorkerThread.java:107) [scala-library-2.11.7.jar:na]
Caused by: java.lang.RuntimeException: Configuration variable[authorization.api.host] is required
	at scala.sys.package$.error(package.scala:27) ~[scala-library-2.11.7.jar:na]
	at io.flow.play.util.Config$$anonfun$requiredString$1.apply(Config.scala:16) ~[lib-play_2.11-0.0.16.jar:0.0.16]
	at io.flow.play.util.Config$$anonfun$requiredString$1.apply(Config.scala:13) ~[lib-play_2.11-0.0.16.jar:0.0.16]
	at scala.Option.getOrElse(Option.scala:121) ~[scala-library-2.11.7.jar:na]
	at io.flow.play.util.Config$class.requiredString(Config.scala:13) ~[lib-play_2.11-0.0.16.jar:0.0.16]
	at io.flow.play.util.DefaultConfig$.requiredString(Config.scala:38) ~[lib-play_2.11-0.0.16.jar:0.0.16]
	at io.flow.play.clients.DefaultAuthorizationClient.host(AuthorizationClient.scala:34) ~[lib-play_2.11-0.0.16.jar:0.0.16]
	at io.flow.play.clients.DefaultAuthorizationClient.client$lzycompute(AuthorizationClient.scala:38) ~[lib-play_2.11-0.0.16.jar:0.0.16]
	at io.flow.play.clients.DefaultAuthorizationClient.client(AuthorizationClient.scala:37) ~[lib-play_2.11-0.0.16.jar:0.0.16]
	at io.flow.play.clients.DefaultAuthorizationClient.checkAuthorization(AuthorizationClient.scala:88) ~[lib-play_2.11-0.0.16.jar:0.0.16]
	at io.flow.play.clients.DefaultAuthorizationClient.authorize(AuthorizationClient.scala:68) ~[lib-play_2.11-0.0.16.jar:0.0.16]
	at io.flow.play.controllers.AuthorizedRestController$Authenticated$$anonfun$invokeBlock$1.apply(AuthorizedRestController.scala:44) ~[lib-play_2.11-0.0.16.jar:0.0.16]
	at io.flow.play.controllers.AuthorizedRestController$Authenticated$$anonfun$invokeBlock$1.apply(AuthorizedRestController.scala:38) ~[lib-play_2.11-0.0.16.jar:0.0.16]
	at scala.concurrent.Future$$anonfun$flatMap$1.apply(Future.scala:251) [scala-library-2.11.7.jar:na]
	... 8 common frames omitted
2016-01-11 17:45:45,556 [INFO] from application in application-akka.actor.default-dispatcher-3 - Shutting down connection pool.
2016-01-11 17:45:45,656 [INFO] from application in application-akka.actor.default-dispatcher-3 - Creating Pool for datasource 'default'
2016-01-11 17:45:45,665 [INFO] from play.api.db.DefaultDBApi in application-akka.actor.default-dispatcher-3 - Database [default] connected at jdbc:postgresql://localhost/group
2016-01-11 17:45:45,774 [INFO] from play.api.Play in application-akka.actor.default-dispatcher-3 - Application started (Dev)
2016-01-11 17:45:45,808 [ERROR] from application in ForkJoinPool-3-worker-5 - Configuration variable[authorization.api.token] is required
2016-01-11 17:45:45,811 [ERROR] from application in ForkJoinPool-3-worker-5 - 

! @6om2ebjhl - Internal server error, for (GET) [/groups] ->
 
play.api.http.HttpErrorHandlerExceptions$$anon$1: Execution exception[[RuntimeException: Configuration variable[authorization.api.token] is required]]
	at play.api.http.HttpErrorHandlerExceptions$.throwableToUsefulException(HttpErrorHandler.scala:265) ~[play_2.11-2.4.3.jar:2.4.3]
	at play.api.http.DefaultHttpErrorHandler.onServerError(HttpErrorHandler.scala:191) ~[play_2.11-2.4.3.jar:2.4.3]
	at play.api.GlobalSettings$class.onError(GlobalSettings.scala:179) [play_2.11-2.4.3.jar:2.4.3]
	at play.api.DefaultGlobal$.onError(GlobalSettings.scala:212) [play_2.11-2.4.3.jar:2.4.3]
	at play.api.http.GlobalSettingsHttpErrorHandler.onServerError(HttpErrorHandler.scala:94) [play_2.11-2.4.3.jar:2.4.3]
	at play.core.server.netty.PlayDefaultUpstreamHandler$$anonfun$9$$anonfun$apply$1.applyOrElse(PlayDefaultUpstreamHandler.scala:158) [play-netty-server_2.11-2.4.3.jar:2.4.3]
	at play.core.server.netty.PlayDefaultUpstreamHandler$$anonfun$9$$anonfun$apply$1.applyOrElse(PlayDefaultUpstreamHandler.scala:155) [play-netty-server_2.11-2.4.3.jar:2.4.3]
	at scala.runtime.AbstractPartialFunction.apply(AbstractPartialFunction.scala:36) [scala-library-2.11.7.jar:na]
	at scala.util.Failure$$anonfun$recover$1.apply(Try.scala:216) [scala-library-2.11.7.jar:na]
	at scala.util.Try$.apply(Try.scala:192) [scala-library-2.11.7.jar:na]
	at scala.util.Failure.recover(Try.scala:216) [scala-library-2.11.7.jar:na]
	at scala.concurrent.Future$$anonfun$recover$1.apply(Future.scala:324) [scala-library-2.11.7.jar:na]
	at scala.concurrent.Future$$anonfun$recover$1.apply(Future.scala:324) [scala-library-2.11.7.jar:na]
	at scala.concurrent.impl.CallbackRunnable.run(Promise.scala:32) [scala-library-2.11.7.jar:na]
	at play.api.libs.iteratee.Execution$trampoline$.executeScheduled(Execution.scala:109) [play-iteratees_2.11-2.4.3.jar:2.4.3]
	at play.api.libs.iteratee.Execution$trampoline$.execute(Execution.scala:71) [play-iteratees_2.11-2.4.3.jar:2.4.3]
	at scala.concurrent.impl.CallbackRunnable.executeWithValue(Promise.scala:40) [scala-library-2.11.7.jar:na]
	at scala.concurrent.impl.Promise$DefaultPromise.tryComplete(Promise.scala:248) [scala-library-2.11.7.jar:na]
	at scala.concurrent.Promise$class.complete(Promise.scala:55) [scala-library-2.11.7.jar:na]
	at scala.concurrent.impl.Promise$DefaultPromise.complete(Promise.scala:153) [scala-library-2.11.7.jar:na]
	at scala.concurrent.Promise$class.failure(Promise.scala:104) [scala-library-2.11.7.jar:na]
	at scala.concurrent.impl.Promise$DefaultPromise.failure(Promise.scala:153) [scala-library-2.11.7.jar:na]
	at scala.concurrent.Future$$anonfun$flatMap$1.apply(Future.scala:255) [scala-library-2.11.7.jar:na]
	at scala.concurrent.Future$$anonfun$flatMap$1.apply(Future.scala:249) [scala-library-2.11.7.jar:na]
	at scala.concurrent.impl.CallbackRunnable.run(Promise.scala:32) [scala-library-2.11.7.jar:na]
	at scala.concurrent.impl.ExecutionContextImpl$AdaptedForkJoinTask.exec(ExecutionContextImpl.scala:121) [scala-library-2.11.7.jar:na]
	at scala.concurrent.forkjoin.ForkJoinTask.doExec(ForkJoinTask.java:260) [scala-library-2.11.7.jar:na]
	at scala.concurrent.forkjoin.ForkJoinPool$WorkQueue.runTask(ForkJoinPool.java:1339) [scala-library-2.11.7.jar:na]
	at scala.concurrent.forkjoin.ForkJoinPool.runWorker(ForkJoinPool.java:1979) [scala-library-2.11.7.jar:na]
	at scala.concurrent.forkjoin.ForkJoinWorkerThread.run(ForkJoinWorkerThread.java:107) [scala-library-2.11.7.jar:na]
Caused by: java.lang.RuntimeException: Configuration variable[authorization.api.token] is required
	at scala.sys.package$.error(package.scala:27) ~[scala-library-2.11.7.jar:na]
	at io.flow.play.util.Config$$anonfun$requiredString$1.apply(Config.scala:16) ~[lib-play_2.11-0.0.16.jar:0.0.16]
	at io.flow.play.util.Config$$anonfun$requiredString$1.apply(Config.scala:13) ~[lib-play_2.11-0.0.16.jar:0.0.16]
	at scala.Option.getOrElse(Option.scala:121) ~[scala-library-2.11.7.jar:na]
	at io.flow.play.util.Config$class.requiredString(Config.scala:13) ~[lib-play_2.11-0.0.16.jar:0.0.16]
	at io.flow.play.util.DefaultConfig$.requiredString(Config.scala:38) ~[lib-play_2.11-0.0.16.jar:0.0.16]
	at io.flow.play.clients.DefaultAuthorizationClient.token(AuthorizationClient.scala:35) ~[lib-play_2.11-0.0.16.jar:0.0.16]
	at io.flow.play.clients.DefaultAuthorizationClient.client$lzycompute(AuthorizationClient.scala:41) ~[lib-play_2.11-0.0.16.jar:0.0.16]
	at io.flow.play.clients.DefaultAuthorizationClient.client(AuthorizationClient.scala:37) ~[lib-play_2.11-0.0.16.jar:0.0.16]
	at io.flow.play.clients.DefaultAuthorizationClient.checkAuthorization(AuthorizationClient.scala:88) ~[lib-play_2.11-0.0.16.jar:0.0.16]
	at io.flow.play.clients.DefaultAuthorizationClient.authorize(AuthorizationClient.scala:68) ~[lib-play_2.11-0.0.16.jar:0.0.16]
	at io.flow.play.controllers.AuthorizedRestController$Authenticated$$anonfun$invokeBlock$1.apply(AuthorizedRestController.scala:44) ~[lib-play_2.11-0.0.16.jar:0.0.16]
	at io.flow.play.controllers.AuthorizedRestController$Authenticated$$anonfun$invokeBlock$1.apply(AuthorizedRestController.scala:38) ~[lib-play_2.11-0.0.16.jar:0.0.16]
	at scala.concurrent.Future$$anonfun$flatMap$1.apply(Future.scala:251) [scala-library-2.11.7.jar:na]
	... 7 common frames omitted
